TN:
SF:js\calculator.js
FN:40,calculateFootprint
FN:89,getEcoScore
FN:106,generateRecommendations
FNF:3
FNH:2
FNDA:0,calculateFootprint
FNDA:17,getEcoScore
FNDA:5,generateRecommendations
DA:10,2
DA:41,0
DA:42,0
DA:43,0
DA:44,0
DA:45,0
DA:46,0
DA:47,0
DA:49,0
DA:52,0
DA:53,0
DA:56,0
DA:59,0
DA:60,0
DA:62,0
DA:63,0
DA:64,0
DA:66,0
DA:68,0
DA:91,17
DA:92,14
DA:93,11
DA:94,8
DA:95,4
DA:107,5
DA:108,5
DA:109,5
DA:110,5
DA:112,5
DA:113,2
DA:121,5
DA:122,1
DA:130,5
DA:131,0
DA:139,5
DA:140,2
DA:146,3
DA:147,3
DA:156,5
DA:157,5
DA:165,5
DA:170,2
DA:171,2
LF:43
LH:24
BRDA:41,0,0,0
BRDA:41,0,1,0
BRDA:42,1,0,0
BRDA:42,1,1,0
BRDA:44,2,0,0
BRDA:44,2,1,0
BRDA:52,3,0,0
BRDA:52,3,1,0
BRDA:59,4,0,0
BRDA:59,4,1,0
BRDA:60,5,0,0
BRDA:60,5,1,0
BRDA:63,6,0,0
BRDA:63,6,1,0
BRDA:64,7,0,0
BRDA:64,7,1,0
BRDA:91,8,0,3
BRDA:91,8,1,14
BRDA:92,9,0,3
BRDA:92,9,1,11
BRDA:93,10,0,3
BRDA:93,10,1,8
BRDA:94,11,0,4
BRDA:94,11,1,4
BRDA:112,12,0,2
BRDA:112,12,1,3
BRDA:121,13,0,1
BRDA:121,13,1,4
BRDA:121,14,0,5
BRDA:121,14,1,4
BRDA:130,15,0,0
BRDA:130,15,1,5
BRDA:130,16,0,5
BRDA:130,16,1,0
BRDA:139,17,0,2
BRDA:139,17,1,3
BRDA:146,18,0,3
BRDA:146,18,1,0
BRDA:156,19,0,5
BRDA:156,19,1,0
BRDA:170,20,0,2
BRDA:170,20,1,0
BRDA:170,21,0,2
BRDA:170,21,1,2
BRF:44
BRH:23
end_of_record
