TN:
SF:js\calculator.js
FN:27,calculateFootprint
FN:70,getEcoScore
FN:80,generateRecommendations
FNF:3
FNH:2
FNDA:0,calculateFootprint
FNDA:17,getEcoScore
FNDA:5,generateRecommendations
DA:2,2
DA:28,0
DA:29,0
DA:30,0
DA:31,0
DA:32,0
DA:33,0
DA:34,0
DA:36,0
DA:39,0
DA:40,0
DA:43,0
DA:46,0
DA:47,0
DA:49,0
DA:50,0
DA:51,0
DA:53,0
DA:55,0
DA:72,17
DA:73,14
DA:74,11
DA:75,8
DA:76,4
DA:81,5
DA:82,5
DA:83,5
DA:84,5
DA:86,5
DA:87,2
DA:95,5
DA:96,1
DA:104,5
DA:105,0
DA:113,5
DA:114,2
DA:120,3
DA:121,3
DA:130,5
DA:131,5
DA:139,5
DA:144,2
DA:145,2
LF:43
LH:24
BRDA:28,0,0,0
BRDA:28,0,1,0
BRDA:29,1,0,0
BRDA:29,1,1,0
BRDA:31,2,0,0
BRDA:31,2,1,0
BRDA:39,3,0,0
BRDA:39,3,1,0
BRDA:46,4,0,0
BRDA:46,4,1,0
BRDA:47,5,0,0
BRDA:47,5,1,0
BRDA:50,6,0,0
BRDA:50,6,1,0
BRDA:51,7,0,0
BRDA:51,7,1,0
BRDA:72,8,0,3
BRDA:72,8,1,14
BRDA:73,9,0,3
BRDA:73,9,1,11
BRDA:74,10,0,3
BRDA:74,10,1,8
BRDA:75,11,0,4
BRDA:75,11,1,4
BRDA:86,12,0,2
BRDA:86,12,1,3
BRDA:95,13,0,1
BRDA:95,13,1,4
BRDA:95,14,0,5
BRDA:95,14,1,4
BRDA:104,15,0,0
BRDA:104,15,1,5
BRDA:104,16,0,5
BRDA:104,16,1,0
BRDA:113,17,0,2
BRDA:113,17,1,3
BRDA:120,18,0,3
BRDA:120,18,1,0
BRDA:130,19,0,5
BRDA:130,19,1,0
BRDA:144,20,0,2
BRDA:144,20,1,0
BRDA:144,21,0,2
BRDA:144,21,1,2
BRF:44
BRH:23
end_of_record
TN:
SF:js\history.js
FN:2,getHistory
FN:9,saveHistory
FN:13,logCurrentToHistory
FN:20,(anonymous_3)
FN:36,(anonymous_4)
FN:51,(anonymous_5)
FN:54,(anonymous_6)
FN:61,renderHistory
FN:73,(anonymous_8)
FN:75,(anonymous_9)
FN:102,updateHistoryStats
FN:116,(anonymous_11)
FN:141,(anonymous_12)
FN:145,renderTrendChart
FN:158,(anonymous_14)
FN:160,(anonymous_15)
FN:165,(anonymous_16)
FN:212,deleteHistoryEntry
FN:216,(anonymous_18)
FN:221,clearHistory
FN:227,exportHistory
FN:237,(anonymous_21)
FN:253,(anonymous_22)
FN:259,applyWhatIfFromHistory
FN:264,showProfileModal
FN:275,hideProfileModal
FN:281,saveProfile
FN:292,showSourcesModal
FN:298,hideSourcesModal
FN:304,updateNavName
FN:310,loadDemoData
FN:334,(anonymous_31)
FN:339,initializeSliders
FN:341,(anonymous_33)
FN:346,(anonymous_34)
FN:355,(anonymous_35)
FN:360,(anonymous_36)
FN:368,initializeEverything
FN:377,(anonymous_38)
FN:389,(anonymous_39)
FN:405,(anonymous_40)
FN:411,(anonymous_41)
FN:412,(anonymous_42)
FN:413,(anonymous_43)
FNF:44
FNH:13
FNDA:8,getHistory
FNDA:4,saveHistory
FNDA:0,logCurrentToHistory
FNDA:0,(anonymous_3)
FNDA:0,(anonymous_4)
FNDA:0,(anonymous_5)
FNDA:0,(anonymous_6)
FNDA:2,renderHistory
FNDA:0,(anonymous_8)
FNDA:1,(anonymous_9)
FNDA:2,updateHistoryStats
FNDA:1,(anonymous_11)
FNDA:1,(anonymous_12)
FNDA:1,renderTrendChart
FNDA:0,(anonymous_14)
FNDA:1,(anonymous_15)
FNDA:1,(anonymous_16)
FNDA:1,deleteHistoryEntry
FNDA:2,(anonymous_18)
FNDA:1,clearHistory
FNDA:0,exportHistory
FNDA:0,(anonymous_21)
FNDA:0,(anonymous_22)
FNDA:0,applyWhatIfFromHistory
FNDA:0,showProfileModal
FNDA:0,hideProfileModal
FNDA:0,saveProfile
FNDA:0,showSourcesModal
FNDA:0,hideSourcesModal
FNDA:0,updateNavName
FNDA:0,loadDemoData
FNDA:0,(anonymous_31)
FNDA:0,initializeSliders
FNDA:0,(anonymous_33)
FNDA:0,(anonymous_34)
FNDA:0,(anonymous_35)
FNDA:0,(anonymous_36)
FNDA:0,initializeEverything
FNDA:0,(anonymous_38)
FNDA:0,(anonymous_39)
FNDA:0,(anonymous_40)
FNDA:0,(anonymous_41)
FNDA:0,(anonymous_42)
FNDA:0,(anonymous_43)
DA:3,8
DA:4,8
DA:5,8
DA:6,1
DA:10,4
DA:14,0
DA:16,0
DA:17,0
DA:20,0
DA:22,0
DA:29,0
DA:30,0
DA:32,0
DA:36,0
DA:37,0
DA:39,0
DA:42,0
DA:43,0
DA:46,0
DA:47,0
DA:48,0
DA:49,0
DA:51,0
DA:52,0
DA:53,0
DA:54,0
DA:58,0
DA:62,2
DA:63,2
DA:64,2
DA:66,2
DA:67,1
DA:68,1
DA:69,1
DA:73,1
DA:75,1
DA:76,1
DA:77,1
DA:79,1
DA:80,1
DA:82,1
DA:95,1
DA:98,1
DA:99,1
DA:103,2
DA:104,2
DA:105,2
DA:107,2
DA:109,2
DA:110,1
DA:111,1
DA:112,1
DA:116,1
DA:117,1
DA:118,1
DA:120,1
DA:121,0
DA:122,0
DA:123,0
DA:125,0
DA:126,0
DA:128,0
DA:133,1
DA:137,1
DA:140,1
DA:141,1
DA:142,1
DA:146,1
DA:147,1
DA:149,1
DA:150,0
DA:153,1
DA:155,0
DA:158,1
DA:160,1
DA:161,1
DA:162,1
DA:165,1
DA:167,1
DA:213,1
DA:215,1
DA:216,2
DA:217,1
DA:218,1
DA:222,1
DA:223,1
DA:224,1
DA:228,0
DA:229,0
DA:230,0
DA:231,0
DA:235,0
DA:237,0
DA:239,0
DA:240,0
DA:243,0
DA:244,0
DA:245,0
DA:246,0
DA:247,0
DA:248,0
DA:249,0
DA:250,0
DA:253,0
DA:254,0
DA:255,0
DA:265,0
DA:266,0
DA:268,0
DA:269,0
DA:271,0
DA:272,0
DA:276,0
DA:277,0
DA:278,0
DA:282,0
DA:283,0
DA:286,0
DA:287,0
DA:289,0
DA:293,0
DA:294,0
DA:295,0
DA:299,0
DA:300,0
DA:301,0
DA:305,0
DA:306,0
DA:307,0
DA:312,0
DA:313,0
DA:314,0
DA:315,0
DA:316,0
DA:317,0
DA:319,0
DA:320,0
DA:321,0
DA:322,0
DA:323,0
DA:324,0
DA:325,0
DA:326,0
DA:327,0
DA:328,0
DA:329,0
DA:331,0
DA:334,0
DA:335,0
DA:341,0
DA:342,0
DA:343,0
DA:345,0
DA:346,0
DA:349,0
DA:350,0
DA:351,0
DA:354,0
DA:355,0
DA:360,0
DA:361,0
DA:362,0
DA:369,0
DA:370,0
DA:371,0
DA:374,0
DA:377,0
DA:378,0
DA:379,0
DA:380,0
DA:385,0
DA:386,0
DA:389,0
DA:398,0
DA:401,0
DA:405,1
DA:406,0
DA:410,1
DA:411,0
DA:412,0
DA:413,0
DA:419,1
DA:420,1
LF:183
LH:61
BRDA:5,0,0,5
BRDA:5,0,1,3
BRDA:14,1,0,0
BRDA:14,1,1,0
BRDA:29,2,0,0
BRDA:29,2,1,0
BRDA:37,3,0,0
BRDA:37,3,1,0
BRDA:43,4,0,0
BRDA:43,4,1,0
BRDA:66,5,0,1
BRDA:66,5,1,1
BRDA:109,6,0,1
BRDA:109,6,1,1
BRDA:125,7,0,0
BRDA:125,7,1,0
BRDA:133,8,0,0
BRDA:133,8,1,1
BRDA:133,9,0,1
BRDA:133,9,1,0
BRDA:141,10,0,1
BRDA:141,10,1,0
BRDA:147,11,0,0
BRDA:147,11,1,1
BRDA:149,12,0,0
BRDA:149,12,1,1
BRDA:153,13,0,0
BRDA:153,13,1,1
BRDA:153,14,0,1
BRDA:153,14,1,1
BRDA:213,15,0,0
BRDA:213,15,1,1
BRDA:222,16,0,0
BRDA:222,16,1,1
BRDA:229,17,0,0
BRDA:229,17,1,0
BRDA:229,18,0,0
BRDA:229,18,1,0
BRDA:239,19,0,0
BRDA:239,19,1,0
BRDA:240,20,0,0
BRDA:240,20,1,0
BRDA:240,21,0,0
BRDA:240,21,1,0
BRDA:240,22,0,0
BRDA:240,22,1,0
BRDA:240,23,0,0
BRDA:240,23,1,0
BRDA:240,24,0,0
BRDA:240,24,1,0
BRDA:240,25,0,0
BRDA:240,25,1,0
BRDA:268,26,0,0
BRDA:268,26,1,0
BRDA:282,27,0,0
BRDA:282,27,1,0
BRDA:287,28,0,0
BRDA:287,28,1,0
BRDA:305,29,0,0
BRDA:305,29,1,0
BRDA:307,30,0,0
BRDA:307,30,1,0
BRDA:345,31,0,0
BRDA:345,31,1,0
BRDA:349,32,0,0
BRDA:349,32,1,0
BRDA:351,33,0,0
BRDA:351,33,1,0
BRDA:351,34,0,0
BRDA:351,34,1,0
BRDA:354,35,0,0
BRDA:354,35,1,0
BRDA:362,36,0,0
BRDA:362,36,1,0
BRDA:362,37,0,0
BRDA:362,37,1,0
BRDA:378,38,0,0
BRDA:378,38,1,0
BRDA:378,39,0,0
BRDA:378,39,1,0
BRDA:386,40,0,0
BRDA:386,40,1,0
BRDA:419,41,0,1
BRDA:419,41,1,0
BRDA:419,42,0,1
BRDA:419,42,1,1
BRF:86
BRH:19
end_of_record
